Analysis & Synthesis report for SistemaDeIrrigacao
Thu Jun  6 11:42:36 2024
Quartus Prime Version 20.1.1 Build 720 11/11/2020 SJ Lite Edition


---------------------
; Table of Contents ;
---------------------
  1. Legal Notice
  2. Analysis & Synthesis Summary
  3. Analysis & Synthesis Settings
  4. Parallel Compilation
  5. Analysis & Synthesis Source Files Read
  6. Analysis & Synthesis Resource Usage Summary
  7. Analysis & Synthesis Resource Utilization by Entity
  8. Registers Removed During Synthesis
  9. Removed Registers Triggering Further Register Optimizations
 10. General Register Statistics
 11. Inverted Register Statistics
 12. Port Connectivity Checks: "mux_4x1bit:comb_119"
 13. Port Connectivity Checks: "binary_counter_2bit:comb_118"
 14. Port Connectivity Checks: "matriz7seg:m7|down_count:dm"
 15. Port Connectivity Checks: "matriz7seg:m7|mux2to1:mux_d_min"
 16. Port Connectivity Checks: "matriz7seg:m7|down_count:um"
 17. Port Connectivity Checks: "matriz7seg:m7|mux2to1:mux_u_min"
 18. Port Connectivity Checks: "matriz7seg:m7|down_count:ds"
 19. Port Connectivity Checks: "matriz7seg:m7|down_count:us"
 20. Port Connectivity Checks: "matriz7seg:m7"
 21. Port Connectivity Checks: "divisor7seg:comb_3|d_ff:dff_9"
 22. Port Connectivity Checks: "divisor7seg:comb_3"
 23. Port Connectivity Checks: "divisorLeds:divisor"
 24. Analysis & Synthesis Messages
 25. Analysis & Synthesis Suppressed Messages



----------------
; Legal Notice ;
----------------
Copyright (C) 2020  Intel Corporation. All rights reserved.
Your use of Intel Corporation's design tools, logic functions 
and other software and tools, and any partner logic 
functions, and any output files from any of the foregoing 
(including device programming or simulation files), and any 
associated documentation or information are expressly subject 
to the terms and conditions of the Intel Program License 
Subscription Agreement, the Intel Quartus Prime License Agreement,
the Intel FPGA IP License Agreement, or other applicable license
agreement, including, without limitation, that your use is for
the sole purpose of programming logic devices manufactured by
Intel and sold by Intel or its authorized distributors.  Please
refer to the applicable agreement for further details, at
https://fpgasoftware.intel.com/eula.



+---------------------------------------------------------------------------+
; Analysis & Synthesis Summary                                              ;
+-----------------------------+---------------------------------------------+
; Analysis & Synthesis Status ; Successful - Thu Jun  6 11:42:36 2024       ;
; Quartus Prime Version       ; 20.1.1 Build 720 11/11/2020 SJ Lite Edition ;
; Revision Name               ; SistemaDeIrrigacao                          ;
; Top-level Entity Name       ; main                                        ;
; Family                      ; MAX II                                      ;
; Total logic elements        ; 51                                          ;
; Total pins                  ; 39                                          ;
; Total virtual pins          ; 0                                           ;
; UFM blocks                  ; 0 / 1 ( 0 % )                               ;
+-----------------------------+---------------------------------------------+


+------------------------------------------------------------------------------------------------------------+
; Analysis & Synthesis Settings                                                                              ;
+------------------------------------------------------------------+--------------------+--------------------+
; Option                                                           ; Setting            ; Default Value      ;
+------------------------------------------------------------------+--------------------+--------------------+
; Device                                                           ; EPM240T100C5       ;                    ;
; Top-level entity name                                            ; main               ; SistemaDeIrrigacao ;
; Family name                                                      ; MAX II             ; Cyclone V          ;
; Use smart compilation                                            ; Off                ; Off                ;
; Enable parallel Assembler and Timing Analyzer during compilation ; On                 ; On                 ;
; Enable compact report table                                      ; Off                ; Off                ;
; Restructure Multiplexers                                         ; Auto               ; Auto               ;
; Create Debugging Nodes for IP Cores                              ; Off                ; Off                ;
; Preserve fewer node names                                        ; On                 ; On                 ;
; Intel FPGA IP Evaluation Mode                                    ; Enable             ; Enable             ;
; Verilog Version                                                  ; Verilog_2001       ; Verilog_2001       ;
; VHDL Version                                                     ; VHDL_1993          ; VHDL_1993          ;
; State Machine Processing                                         ; Auto               ; Auto               ;
; Safe State Machine                                               ; Off                ; Off                ;
; Extract Verilog State Machines                                   ; On                 ; On                 ;
; Extract VHDL State Machines                                      ; On                 ; On                 ;
; Ignore Verilog initial constructs                                ; Off                ; Off                ;
; Iteration limit for constant Verilog loops                       ; 5000               ; 5000               ;
; Iteration limit for non-constant Verilog loops                   ; 250                ; 250                ;
; Add Pass-Through Logic to Inferred RAMs                          ; On                 ; On                 ;
; Infer RAMs from Raw Logic                                        ; On                 ; On                 ;
; Parallel Synthesis                                               ; On                 ; On                 ;
; NOT Gate Push-Back                                               ; On                 ; On                 ;
; Power-Up Don't Care                                              ; On                 ; On                 ;
; Remove Redundant Logic Cells                                     ; Off                ; Off                ;
; Remove Duplicate Registers                                       ; On                 ; On                 ;
; Ignore CARRY Buffers                                             ; Off                ; Off                ;
; Ignore CASCADE Buffers                                           ; Off                ; Off                ;
; Ignore GLOBAL Buffers                                            ; Off                ; Off                ;
; Ignore ROW GLOBAL Buffers                                        ; Off                ; Off                ;
; Ignore LCELL Buffers                                             ; Off                ; Off                ;
; Ignore SOFT Buffers                                              ; On                 ; On                 ;
; Limit AHDL Integers to 32 Bits                                   ; Off                ; Off                ;
; Optimization Technique                                           ; Balanced           ; Balanced           ;
; Carry Chain Length                                               ; 70                 ; 70                 ;
; Auto Carry Chains                                                ; On                 ; On                 ;
; Auto Open-Drain Pins                                             ; On                 ; On                 ;
; Perform WYSIWYG Primitive Resynthesis                            ; Off                ; Off                ;
; Auto Shift Register Replacement                                  ; Auto               ; Auto               ;
; Allow Shift Register Merging across Hierarchies                  ; Auto               ; Auto               ;
; Auto Clock Enable Replacement                                    ; On                 ; On                 ;
; Allow Synchronous Control Signals                                ; On                 ; On                 ;
; Force Use of Synchronous Clear Signals                           ; Off                ; Off                ;
; Auto Resource Sharing                                            ; Off                ; Off                ;
; Use LogicLock Constraints during Resource Balancing              ; On                 ; On                 ;
; Ignore translate_off and synthesis_off directives                ; Off                ; Off                ;
; Report Parameter Settings                                        ; On                 ; On                 ;
; Report Source Assignments                                        ; On                 ; On                 ;
; Report Connectivity Checks                                       ; On                 ; On                 ;
; Ignore Maximum Fan-Out Assignments                               ; Off                ; Off                ;
; Synchronization Register Chain Length                            ; 2                  ; 2                  ;
; Power Optimization During Synthesis                              ; Normal compilation ; Normal compilation ;
; HDL message level                                                ; Level2             ; Level2             ;
; Suppress Register Optimization Related Messages                  ; Off                ; Off                ;
; Number of Removed Registers Reported in Synthesis Report         ; 5000               ; 5000               ;
; Number of Swept Nodes Reported in Synthesis Report               ; 5000               ; 5000               ;
; Number of Inverted Registers Reported in Synthesis Report        ; 100                ; 100                ;
; Clock MUX Protection                                             ; On                 ; On                 ;
; Block Design Naming                                              ; Auto               ; Auto               ;
; Synthesis Effort                                                 ; Auto               ; Auto               ;
; Shift Register Replacement - Allow Asynchronous Clear Signal     ; On                 ; On                 ;
; Analysis & Synthesis Message Level                               ; Medium             ; Medium             ;
; Disable Register Merging Across Hierarchies                      ; Auto               ; Auto               ;
+------------------------------------------------------------------+--------------------+--------------------+


+------------------------------------------+
; Parallel Compilation                     ;
+----------------------------+-------------+
; Processors                 ; Number      ;
+----------------------------+-------------+
; Number detected on machine ; 6           ;
; Maximum allowed            ; 6           ;
;                            ;             ;
; Average used               ; 1.00        ;
; Maximum used               ; 1           ;
;                            ;             ;
; Usage by Processor         ; % Time Used ;
;     Processor 1            ; 100.0%      ;
+----------------------------+-------------+


+-------------------------------------------------------------------------------------------------------------------------------------------------------------+
; Analysis & Synthesis Source Files Read                                                                                                                      ;
+----------------------------------+-----------------+------------------------+---------------------------------------------------------------------+---------+
; File Name with User-Entered Path ; Used in Netlist ; File Type              ; File Name with Absolute Path                                        ; Library ;
+----------------------------------+-----------------+------------------------+---------------------------------------------------------------------+---------+
; main.v                           ; yes             ; User Verilog HDL File  ; /home/aluno/Downloads/SistemadeIrrigacao/main.v                     ;         ;
; sistemaNivel.v                   ; yes             ; User Verilog HDL File  ; /home/aluno/Downloads/SistemadeIrrigacao/sistemaNivel.v             ;         ;
; sistemaIrrigacao.v               ; yes             ; User Verilog HDL File  ; /home/aluno/Downloads/SistemadeIrrigacao/sistemaIrrigacao.v         ;         ;
; decod7seg.v                      ; yes             ; User Verilog HDL File  ; /home/aluno/Downloads/SistemadeIrrigacao/decod7seg.v                ;         ;
; d_ff.v                           ; yes             ; User Verilog HDL File  ; /home/aluno/Downloads/SistemadeIrrigacao/d_ff.v                     ;         ;
; down_count.v                     ; yes             ; User Verilog HDL File  ; /home/aluno/Downloads/SistemadeIrrigacao/down_count.v               ;         ;
; jk_ff.v                          ; yes             ; User Verilog HDL File  ; /home/aluno/Downloads/SistemadeIrrigacao/jk_ff.v                    ;         ;
; deslocamento_coluna_leds.v       ; yes             ; User Verilog HDL File  ; /home/aluno/Downloads/SistemadeIrrigacao/deslocamento_coluna_leds.v ;         ;
; divisor7seg.v                    ; yes             ; User Verilog HDL File  ; /home/aluno/Downloads/SistemadeIrrigacao/divisor7seg.v              ;         ;
; divisorLeds.v                    ; yes             ; User Verilog HDL File  ; /home/aluno/Downloads/SistemadeIrrigacao/divisorLeds.v              ;         ;
; mux2to1.v                        ; yes             ; User Verilog HDL File  ; /home/aluno/Downloads/SistemadeIrrigacao/mux2to1.v                  ;         ;
; binary_counter_2bit.v            ; yes             ; User Verilog HDL File  ; /home/aluno/Downloads/SistemadeIrrigacao/binary_counter_2bit.v      ;         ;
; matriz7seg.v                     ; yes             ; User Verilog HDL File  ; /home/aluno/Downloads/SistemadeIrrigacao/matriz7seg.v               ;         ;
; mux_4x1.v                        ; yes             ; User Verilog HDL File  ; /home/aluno/Downloads/SistemadeIrrigacao/mux_4x1.v                  ;         ;
; mux_4x1bit.v                     ; yes             ; User Verilog HDL File  ; /home/aluno/Downloads/SistemadeIrrigacao/mux_4x1bit.v               ;         ;
+----------------------------------+-----------------+------------------------+---------------------------------------------------------------------+---------+


+-------------------------------------------------------------------------------------+
; Analysis & Synthesis Resource Usage Summary                                         ;
+---------------------------------------------+---------------------------------------+
; Resource                                    ; Usage                                 ;
+---------------------------------------------+---------------------------------------+
; Total logic elements                        ; 51                                    ;
;     -- Combinational with no register       ; 30                                    ;
;     -- Register only                        ; 3                                     ;
;     -- Combinational with a register        ; 18                                    ;
;                                             ;                                       ;
; Logic element usage by number of LUT inputs ;                                       ;
;     -- 4 input functions                    ; 20                                    ;
;     -- 3 input functions                    ; 5                                     ;
;     -- 2 input functions                    ; 5                                     ;
;     -- 1 input functions                    ; 18                                    ;
;     -- 0 input functions                    ; 0                                     ;
;                                             ;                                       ;
; Logic elements by mode                      ;                                       ;
;     -- normal mode                          ; 51                                    ;
;     -- arithmetic mode                      ; 0                                     ;
;     -- qfbk mode                            ; 0                                     ;
;     -- register cascade mode                ; 0                                     ;
;     -- synchronous clear/load mode          ; 0                                     ;
;     -- asynchronous clear/load mode         ; 0                                     ;
;                                             ;                                       ;
; Total registers                             ; 21                                    ;
; I/O pins                                    ; 39                                    ;
; Maximum fan-out node                        ; deslocamento_coluna_leds:dc|coluna[1] ;
; Maximum fan-out                             ; 12                                    ;
; Total fan-out                               ; 165                                   ;
; Average fan-out                             ; 1.83                                  ;
+---------------------------------------------+---------------------------------------+


+-----------------------------------------------------------------------------------------------------------------------------------------------------------------------------------------------------------------------------------------------------------------------------+
; Analysis & Synthesis Resource Utilization by Entity                                                                                                                                                                                                                         ;
+--------------------------------------+-------------+--------------+------------+------+--------------+--------------+-------------------+------------------+-----------------+------------+---------------------------------------+--------------------------+--------------+
; Compilation Hierarchy Node           ; Logic Cells ; LC Registers ; UFM Blocks ; Pins ; Virtual Pins ; LUT-Only LCs ; Register-Only LCs ; LUT/Register LCs ; Carry Chain LCs ; Packed LCs ; Full Hierarchy Name                   ; Entity Name              ; Library Name ;
+--------------------------------------+-------------+--------------+------------+------+--------------+--------------+-------------------+------------------+-----------------+------------+---------------------------------------+--------------------------+--------------+
; |main                                ; 51 (23)     ; 21           ; 0          ; 39   ; 0            ; 30 (23)      ; 3 (0)             ; 18 (0)           ; 0 (0)           ; 0 (0)      ; |main                                 ; main                     ; work         ;
;    |deslocamento_coluna_leds:dc|     ; 5 (5)       ; 5            ; 0          ; 0    ; 0            ; 0 (0)        ; 3 (3)             ; 2 (2)            ; 0 (0)           ; 0 (0)      ; |main|deslocamento_coluna_leds:dc     ; deslocamento_coluna_leds ; work         ;
;    |divisorLeds:divisor|             ; 16 (0)      ; 16           ; 0          ; 0    ; 0            ; 0 (0)        ; 0 (0)             ; 16 (0)           ; 0 (0)           ; 0 (0)      ; |main|divisorLeds:divisor             ; divisorLeds              ; work         ;
;       |d_ff:dff_0|                   ; 1 (1)       ; 1            ; 0          ; 0    ; 0            ; 0 (0)        ; 0 (0)             ; 1 (1)            ; 0 (0)           ; 0 (0)      ; |main|divisorLeds:divisor|d_ff:dff_0  ; d_ff                     ; work         ;
;       |d_ff:dff_10|                  ; 1 (1)       ; 1            ; 0          ; 0    ; 0            ; 0 (0)        ; 0 (0)             ; 1 (1)            ; 0 (0)           ; 0 (0)      ; |main|divisorLeds:divisor|d_ff:dff_10 ; d_ff                     ; work         ;
;       |d_ff:dff_11|                  ; 1 (1)       ; 1            ; 0          ; 0    ; 0            ; 0 (0)        ; 0 (0)             ; 1 (1)            ; 0 (0)           ; 0 (0)      ; |main|divisorLeds:divisor|d_ff:dff_11 ; d_ff                     ; work         ;
;       |d_ff:dff_12|                  ; 1 (1)       ; 1            ; 0          ; 0    ; 0            ; 0 (0)        ; 0 (0)             ; 1 (1)            ; 0 (0)           ; 0 (0)      ; |main|divisorLeds:divisor|d_ff:dff_12 ; d_ff                     ; work         ;
;       |d_ff:dff_13|                  ; 1 (1)       ; 1            ; 0          ; 0    ; 0            ; 0 (0)        ; 0 (0)             ; 1 (1)            ; 0 (0)           ; 0 (0)      ; |main|divisorLeds:divisor|d_ff:dff_13 ; d_ff                     ; work         ;
;       |d_ff:dff_14|                  ; 1 (1)       ; 1            ; 0          ; 0    ; 0            ; 0 (0)        ; 0 (0)             ; 1 (1)            ; 0 (0)           ; 0 (0)      ; |main|divisorLeds:divisor|d_ff:dff_14 ; d_ff                     ; work         ;
;       |d_ff:dff_15|                  ; 1 (1)       ; 1            ; 0          ; 0    ; 0            ; 0 (0)        ; 0 (0)             ; 1 (1)            ; 0 (0)           ; 0 (0)      ; |main|divisorLeds:divisor|d_ff:dff_15 ; d_ff                     ; work         ;
;       |d_ff:dff_1|                   ; 1 (1)       ; 1            ; 0          ; 0    ; 0            ; 0 (0)        ; 0 (0)             ; 1 (1)            ; 0 (0)           ; 0 (0)      ; |main|divisorLeds:divisor|d_ff:dff_1  ; d_ff                     ; work         ;
;       |d_ff:dff_2|                   ; 1 (1)       ; 1            ; 0          ; 0    ; 0            ; 0 (0)        ; 0 (0)             ; 1 (1)            ; 0 (0)           ; 0 (0)      ; |main|divisorLeds:divisor|d_ff:dff_2  ; d_ff                     ; work         ;
;       |d_ff:dff_3|                   ; 1 (1)       ; 1            ; 0          ; 0    ; 0            ; 0 (0)        ; 0 (0)             ; 1 (1)            ; 0 (0)           ; 0 (0)      ; |main|divisorLeds:divisor|d_ff:dff_3  ; d_ff                     ; work         ;
;       |d_ff:dff_4|                   ; 1 (1)       ; 1            ; 0          ; 0    ; 0            ; 0 (0)        ; 0 (0)             ; 1 (1)            ; 0 (0)           ; 0 (0)      ; |main|divisorLeds:divisor|d_ff:dff_4  ; d_ff                     ; work         ;
;       |d_ff:dff_5|                   ; 1 (1)       ; 1            ; 0          ; 0    ; 0            ; 0 (0)        ; 0 (0)             ; 1 (1)            ; 0 (0)           ; 0 (0)      ; |main|divisorLeds:divisor|d_ff:dff_5  ; d_ff                     ; work         ;
;       |d_ff:dff_6|                   ; 1 (1)       ; 1            ; 0          ; 0    ; 0            ; 0 (0)        ; 0 (0)             ; 1 (1)            ; 0 (0)           ; 0 (0)      ; |main|divisorLeds:divisor|d_ff:dff_6  ; d_ff                     ; work         ;
;       |d_ff:dff_7|                   ; 1 (1)       ; 1            ; 0          ; 0    ; 0            ; 0 (0)        ; 0 (0)             ; 1 (1)            ; 0 (0)           ; 0 (0)      ; |main|divisorLeds:divisor|d_ff:dff_7  ; d_ff                     ; work         ;
;       |d_ff:dff_8|                   ; 1 (1)       ; 1            ; 0          ; 0    ; 0            ; 0 (0)        ; 0 (0)             ; 1 (1)            ; 0 (0)           ; 0 (0)      ; |main|divisorLeds:divisor|d_ff:dff_8  ; d_ff                     ; work         ;
;       |d_ff:dff_9|                   ; 1 (1)       ; 1            ; 0          ; 0    ; 0            ; 0 (0)        ; 0 (0)             ; 1 (1)            ; 0 (0)           ; 0 (0)      ; |main|divisorLeds:divisor|d_ff:dff_9  ; d_ff                     ; work         ;
;    |sistemaIrrigacao:irrigacao_inst| ; 4 (4)       ; 0            ; 0          ; 0    ; 0            ; 4 (4)        ; 0 (0)             ; 0 (0)            ; 0 (0)           ; 0 (0)      ; |main|sistemaIrrigacao:irrigacao_inst ; sistemaIrrigacao         ; work         ;
;    |sistemaNivel:nivel_inst|         ; 3 (3)       ; 0            ; 0          ; 0    ; 0            ; 3 (3)        ; 0 (0)             ; 0 (0)            ; 0 (0)           ; 0 (0)      ; |main|sistemaNivel:nivel_inst         ; sistemaNivel             ; work         ;
+--------------------------------------+-------------+--------------+------------+------+--------------+--------------+-------------------+------------------+-----------------+------------+---------------------------------------+--------------------------+--------------+
Note: For table entries with two numbers listed, the numbers in parentheses indicate the number of resources of the given type used by the specific entity alone. The numbers listed outside of parentheses indicate the total resources of the given type used by the specific entity and all of its sub-entities in the hierarchy.


+----------------------------------------------------------------------------------+
; Registers Removed During Synthesis                                               ;
+-----------------------------------------+----------------------------------------+
; Register name                           ; Reason for Removal                     ;
+-----------------------------------------+----------------------------------------+
; divisor7seg:comb_3|d_ff:dff_9|Q         ; Stuck at VCC due to stuck port data_in ;
; binary_counter_2bit:comb_118|d_ff:ff1|Q ; Stuck at GND due to stuck port clock   ;
; binary_counter_2bit:comb_118|d_ff:ff0|Q ; Stuck at GND due to stuck port clock   ;
; matriz7seg:m7|down_count:us|jk_ff:ff3|Q ; Stuck at VCC due to stuck port clock   ;
; matriz7seg:m7|down_count:us|jk_ff:ff2|Q ; Stuck at GND due to stuck port clock   ;
; matriz7seg:m7|down_count:us|jk_ff:ff1|Q ; Stuck at GND due to stuck port clock   ;
; matriz7seg:m7|down_count:us|jk_ff:ff0|Q ; Stuck at VCC due to stuck port clock   ;
; matriz7seg:m7|down_count:ds|jk_ff:ff3|Q ; Stuck at GND due to stuck port clock   ;
; matriz7seg:m7|down_count:ds|jk_ff:ff2|Q ; Stuck at VCC due to stuck port clock   ;
; matriz7seg:m7|down_count:ds|jk_ff:ff1|Q ; Stuck at GND due to stuck port clock   ;
; matriz7seg:m7|down_count:ds|jk_ff:ff0|Q ; Stuck at VCC due to stuck port clock   ;
; matriz7seg:m7|down_count:um|jk_ff:ff1|Q ; Stuck at GND due to stuck port clock   ;
; matriz7seg:m7|lo                        ; Lost fanout                            ;
; matriz7seg:m7|down_count:dm|jk_ff:ff3|Q ; Lost fanout                            ;
; matriz7seg:m7|down_count:dm|jk_ff:ff2|Q ; Lost fanout                            ;
; matriz7seg:m7|down_count:dm|jk_ff:ff1|Q ; Lost fanout                            ;
; matriz7seg:m7|down_count:dm|jk_ff:ff0|Q ; Lost fanout                            ;
; matriz7seg:m7|down_count:um|jk_ff:ff3|Q ; Lost fanout                            ;
; matriz7seg:m7|down_count:um|jk_ff:ff2|Q ; Lost fanout                            ;
; matriz7seg:m7|down_count:um|jk_ff:ff0|Q ; Lost fanout                            ;
; divisor7seg:comb_3|d_ff:dff_8|Q         ; Lost fanout                            ;
; divisor7seg:comb_3|d_ff:dff_7|Q         ; Lost fanout                            ;
; divisor7seg:comb_3|d_ff:dff_6|Q         ; Lost fanout                            ;
; divisor7seg:comb_3|d_ff:dff_5|Q         ; Lost fanout                            ;
; divisor7seg:comb_3|d_ff:dff_4|Q         ; Lost fanout                            ;
; divisor7seg:comb_3|d_ff:dff_3|Q         ; Lost fanout                            ;
; divisor7seg:comb_3|d_ff:dff_2|Q         ; Lost fanout                            ;
; divisor7seg:comb_3|d_ff:dff_1|Q         ; Lost fanout                            ;
; divisor7seg:comb_3|d_ff:dff_0|Q         ; Lost fanout                            ;
; Total Number of Removed Registers = 29  ;                                        ;
+-----------------------------------------+----------------------------------------+


+-------------------------------------------------------------------------------------------------------------------------------------------------+
; Removed Registers Triggering Further Register Optimizations                                                                                     ;
+---------------------------------+---------------------------+-----------------------------------------------------------------------------------+
; Register name                   ; Reason for Removal        ; Registers Removed due to This Register                                            ;
+---------------------------------+---------------------------+-----------------------------------------------------------------------------------+
; divisor7seg:comb_3|d_ff:dff_9|Q ; Stuck at VCC              ; binary_counter_2bit:comb_118|d_ff:ff1|Q, binary_counter_2bit:comb_118|d_ff:ff0|Q, ;
;                                 ; due to stuck port data_in ; matriz7seg:m7|down_count:us|jk_ff:ff3|Q, matriz7seg:m7|down_count:us|jk_ff:ff2|Q, ;
;                                 ;                           ; matriz7seg:m7|down_count:us|jk_ff:ff1|Q, matriz7seg:m7|down_count:us|jk_ff:ff0|Q, ;
;                                 ;                           ; matriz7seg:m7|down_count:ds|jk_ff:ff3|Q, matriz7seg:m7|down_count:ds|jk_ff:ff2|Q, ;
;                                 ;                           ; matriz7seg:m7|down_count:ds|jk_ff:ff1|Q, matriz7seg:m7|down_count:ds|jk_ff:ff0|Q, ;
;                                 ;                           ; matriz7seg:m7|down_count:um|jk_ff:ff1|Q, matriz7seg:m7|lo,                        ;
;                                 ;                           ; matriz7seg:m7|down_count:dm|jk_ff:ff3|Q, matriz7seg:m7|down_count:dm|jk_ff:ff2|Q, ;
;                                 ;                           ; matriz7seg:m7|down_count:dm|jk_ff:ff1|Q, matriz7seg:m7|down_count:dm|jk_ff:ff0|Q, ;
;                                 ;                           ; matriz7seg:m7|down_count:um|jk_ff:ff3|Q, matriz7seg:m7|down_count:um|jk_ff:ff2|Q, ;
;                                 ;                           ; matriz7seg:m7|down_count:um|jk_ff:ff0|Q, divisor7seg:comb_3|d_ff:dff_8|Q,         ;
;                                 ;                           ; divisor7seg:comb_3|d_ff:dff_7|Q, divisor7seg:comb_3|d_ff:dff_6|Q,                 ;
;                                 ;                           ; divisor7seg:comb_3|d_ff:dff_5|Q, divisor7seg:comb_3|d_ff:dff_4|Q,                 ;
;                                 ;                           ; divisor7seg:comb_3|d_ff:dff_3|Q, divisor7seg:comb_3|d_ff:dff_2|Q,                 ;
;                                 ;                           ; divisor7seg:comb_3|d_ff:dff_1|Q, divisor7seg:comb_3|d_ff:dff_0|Q                  ;
+---------------------------------+---------------------------+-----------------------------------------------------------------------------------+


+------------------------------------------------------+
; General Register Statistics                          ;
+----------------------------------------------+-------+
; Statistic                                    ; Value ;
+----------------------------------------------+-------+
; Total registers                              ; 21    ;
; Number of registers using Synchronous Clear  ; 0     ;
; Number of registers using Synchronous Load   ; 0     ;
; Number of registers using Asynchronous Clear ; 0     ;
; Number of registers using Asynchronous Load  ; 0     ;
; Number of registers using Clock Enable       ; 0     ;
; Number of registers using Preset             ; 0     ;
+----------------------------------------------+-------+


+--------------------------------------------------+
; Inverted Register Statistics                     ;
+----------------------------------------+---------+
; Inverted Register                      ; Fan out ;
+----------------------------------------+---------+
; deslocamento_coluna_leds:dc|coluna[0]  ; 2       ;
; Total number of inverted registers = 1 ;         ;
+----------------------------------------+---------+


+--------------------------------------------------------------------------------------------------------------------------------------------------------------------------------------------------+
; Port Connectivity Checks: "mux_4x1bit:comb_119"                                                                                                                                                  ;
+------+--------+----------+-----------------------------------------------------------------------------------------------------------------------------------------------------------------------+
; Port ; Type   ; Severity ; Details                                                                                                                                                               ;
+------+--------+----------+-----------------------------------------------------------------------------------------------------------------------------------------------------------------------+
; out  ; Output ; Warning  ; Output or bidir port (4 bits) is smaller than the port expression (5 bits) it drives.  The 1 most-significant bit(s) in the port expression will be connected to GND. ;
+------+--------+----------+-----------------------------------------------------------------------------------------------------------------------------------------------------------------------+


+----------------------------------------------------------+
; Port Connectivity Checks: "binary_counter_2bit:comb_118" ;
+-------+-------+----------+-------------------------------+
; Port  ; Type  ; Severity ; Details                       ;
+-------+-------+----------+-------------------------------+
; reset ; Input ; Info     ; Explicitly unconnected        ;
+-------+-------+----------+-------------------------------+


+----------------------------------------------------------------------------------------------------------------------------------------------------------------------------------------------------------------------+
; Port Connectivity Checks: "matriz7seg:m7|down_count:dm"                                                                                                                                                              ;
+-------------+--------+----------+------------------------------------------------------------------------------------------------------------------------------------------------------------------------------------+
; Port        ; Type   ; Severity ; Details                                                                                                                                                                            ;
+-------------+--------+----------+------------------------------------------------------------------------------------------------------------------------------------------------------------------------------------+
; up_down     ; Input  ; Warning  ; Input port expression (32 bits) is wider than the input port (1 bits) it drives.  The 31 most-significant bit(s) in the expression will be dangling if they have no other fanouts. ;
; up_down[-1] ; Input  ; Info     ; Stuck at VCC                                                                                                                                                                       ;
; cten        ; Input  ; Warning  ; Input port expression (32 bits) is wider than the input port (1 bits) it drives.  The 31 most-significant bit(s) in the expression will be dangling if they have no other fanouts. ;
; cten[-1]    ; Input  ; Info     ; Stuck at GND                                                                                                                                                                       ;
; rco         ; Output ; Info     ; Explicitly unconnected                                                                                                                                                             ;
; max_min     ; Output ; Info     ; Explicitly unconnected                                                                                                                                                             ;
+-------------+--------+----------+------------------------------------------------------------------------------------------------------------------------------------------------------------------------------------+


+-------------------------------------------------------------+
; Port Connectivity Checks: "matriz7seg:m7|mux2to1:mux_d_min" ;
+-----------+-------+----------+------------------------------+
; Port      ; Type  ; Severity ; Details                      ;
+-----------+-------+----------+------------------------------+
; in0[3..1] ; Input ; Info     ; Stuck at GND                 ;
; in0[0]    ; Input ; Info     ; Stuck at VCC                 ;
; in1[1..0] ; Input ; Info     ; Stuck at VCC                 ;
; in1[3..2] ; Input ; Info     ; Stuck at GND                 ;
+-----------+-------+----------+------------------------------+


+----------------------------------------------------------------------------------------------------------------------------------------------------------------------------------------------------------------------+
; Port Connectivity Checks: "matriz7seg:m7|down_count:um"                                                                                                                                                              ;
+-------------+--------+----------+------------------------------------------------------------------------------------------------------------------------------------------------------------------------------------+
; Port        ; Type   ; Severity ; Details                                                                                                                                                                            ;
+-------------+--------+----------+------------------------------------------------------------------------------------------------------------------------------------------------------------------------------------+
; up_down     ; Input  ; Warning  ; Input port expression (32 bits) is wider than the input port (1 bits) it drives.  The 31 most-significant bit(s) in the expression will be dangling if they have no other fanouts. ;
; up_down[-1] ; Input  ; Info     ; Stuck at VCC                                                                                                                                                                       ;
; cten        ; Input  ; Warning  ; Input port expression (32 bits) is wider than the input port (1 bits) it drives.  The 31 most-significant bit(s) in the expression will be dangling if they have no other fanouts. ;
; cten[-1]    ; Input  ; Info     ; Stuck at GND                                                                                                                                                                       ;
; rco         ; Output ; Info     ; Explicitly unconnected                                                                                                                                                             ;
+-------------+--------+----------+------------------------------------------------------------------------------------------------------------------------------------------------------------------------------------+


+-------------------------------------------------------------+
; Port Connectivity Checks: "matriz7seg:m7|mux2to1:mux_u_min" ;
+-----------+-------+----------+------------------------------+
; Port      ; Type  ; Severity ; Details                      ;
+-----------+-------+----------+------------------------------+
; in0[1..0] ; Input ; Info     ; Stuck at GND                 ;
; in0[3]    ; Input ; Info     ; Stuck at GND                 ;
; in0[2]    ; Input ; Info     ; Stuck at VCC                 ;
; in1[2..1] ; Input ; Info     ; Stuck at GND                 ;
; in1[3]    ; Input ; Info     ; Stuck at VCC                 ;
; in1[0]    ; Input ; Info     ; Stuck at VCC                 ;
+-----------+-------+----------+------------------------------+


+----------------------------------------------------------------------------------------------------------------------------------------------------------------------------------------------------------------------+
; Port Connectivity Checks: "matriz7seg:m7|down_count:ds"                                                                                                                                                              ;
+-------------+--------+----------+------------------------------------------------------------------------------------------------------------------------------------------------------------------------------------+
; Port        ; Type   ; Severity ; Details                                                                                                                                                                            ;
+-------------+--------+----------+------------------------------------------------------------------------------------------------------------------------------------------------------------------------------------+
; d[3]        ; Input  ; Info     ; Stuck at GND                                                                                                                                                                       ;
; d[2]        ; Input  ; Info     ; Stuck at VCC                                                                                                                                                                       ;
; d[1]        ; Input  ; Info     ; Stuck at GND                                                                                                                                                                       ;
; d[0]        ; Input  ; Info     ; Stuck at VCC                                                                                                                                                                       ;
; up_down     ; Input  ; Warning  ; Input port expression (32 bits) is wider than the input port (1 bits) it drives.  The 31 most-significant bit(s) in the expression will be dangling if they have no other fanouts. ;
; up_down[-1] ; Input  ; Info     ; Stuck at VCC                                                                                                                                                                       ;
; cten        ; Input  ; Warning  ; Input port expression (32 bits) is wider than the input port (1 bits) it drives.  The 31 most-significant bit(s) in the expression will be dangling if they have no other fanouts. ;
; cten[-1]    ; Input  ; Info     ; Stuck at GND                                                                                                                                                                       ;
; rco         ; Output ; Info     ; Explicitly unconnected                                                                                                                                                             ;
+-------------+--------+----------+------------------------------------------------------------------------------------------------------------------------------------------------------------------------------------+


+----------------------------------------------------------------------------------------------------------------------------------------------------------------------------------------------------------------------+
; Port Connectivity Checks: "matriz7seg:m7|down_count:us"                                                                                                                                                              ;
+-------------+--------+----------+------------------------------------------------------------------------------------------------------------------------------------------------------------------------------------+
; Port        ; Type   ; Severity ; Details                                                                                                                                                                            ;
+-------------+--------+----------+------------------------------------------------------------------------------------------------------------------------------------------------------------------------------------+
; d[2..1]     ; Input  ; Info     ; Stuck at GND                                                                                                                                                                       ;
; d[3]        ; Input  ; Info     ; Stuck at VCC                                                                                                                                                                       ;
; d[0]        ; Input  ; Info     ; Stuck at VCC                                                                                                                                                                       ;
; up_down     ; Input  ; Warning  ; Input port expression (32 bits) is wider than the input port (1 bits) it drives.  The 31 most-significant bit(s) in the expression will be dangling if they have no other fanouts. ;
; up_down[-1] ; Input  ; Info     ; Stuck at VCC                                                                                                                                                                       ;
; cten        ; Input  ; Warning  ; Input port expression (32 bits) is wider than the input port (1 bits) it drives.  The 31 most-significant bit(s) in the expression will be dangling if they have no other fanouts. ;
; cten[-1]    ; Input  ; Info     ; Stuck at GND                                                                                                                                                                       ;
; rco         ; Output ; Info     ; Explicitly unconnected                                                                                                                                                             ;
+-------------+--------+----------+------------------------------------------------------------------------------------------------------------------------------------------------------------------------------------+


+---------------------------------------------------+
; Port Connectivity Checks: "matriz7seg:m7"         ;
+-------+-------+----------+------------------------+
; Port  ; Type  ; Severity ; Details                ;
+-------+-------+----------+------------------------+
; reset ; Input ; Info     ; Explicitly unconnected ;
+-------+-------+----------+------------------------+


+-----------------------------------------------------------+
; Port Connectivity Checks: "divisor7seg:comb_3|d_ff:dff_9" ;
+------+-------+----------+---------------------------------+
; Port ; Type  ; Severity ; Details                         ;
+------+-------+----------+---------------------------------+
; D    ; Input ; Info     ; Stuck at VCC                    ;
+------+-------+----------+---------------------------------+


+-------------------------------------------------------------------------------------------------------------------------------------------------------------------------+
; Port Connectivity Checks: "divisor7seg:comb_3"                                                                                                                          ;
+-------+-------+----------+----------------------------------------------------------------------------------------------------------------------------------------------+
; Port  ; Type  ; Severity ; Details                                                                                                                                      ;
+-------+-------+----------+----------------------------------------------------------------------------------------------------------------------------------------------+
; reset ; Input ; Warning  ; Declared by entity but not connected by instance. If a default value exists, it will be used.  Otherwise, the port will be connected to GND. ;
+-------+-------+----------+----------------------------------------------------------------------------------------------------------------------------------------------+


+-------------------------------------------------------------------------------------------------------------------------------------------------------------------------+
; Port Connectivity Checks: "divisorLeds:divisor"                                                                                                                         ;
+-------+-------+----------+----------------------------------------------------------------------------------------------------------------------------------------------+
; Port  ; Type  ; Severity ; Details                                                                                                                                      ;
+-------+-------+----------+----------------------------------------------------------------------------------------------------------------------------------------------+
; reset ; Input ; Warning  ; Declared by entity but not connected by instance. If a default value exists, it will be used.  Otherwise, the port will be connected to GND. ;
+-------+-------+----------+----------------------------------------------------------------------------------------------------------------------------------------------+


+-------------------------------+
; Analysis & Synthesis Messages ;
+-------------------------------+
Info: *******************************************************************
Info: Running Quartus Prime Analysis & Synthesis
    Info: Version 20.1.1 Build 720 11/11/2020 SJ Lite Edition
    Info: Processing started: Thu Jun  6 11:42:31 2024
Info: Command: quartus_map --read_settings_files=on --write_settings_files=off SistemaDeIrrigacao -c SistemaDeIrrigacao
Warning (18236): Number of processors has not been specified which may cause overloading on shared machines.  Set the global assignment NUM_PARALLEL_PROCESSORS in your QSF to an appropriate value for best performance.
Info (20030): Parallel compilation is enabled and will use 6 of the 6 processors detected
Info (12021): Found 1 design units, including 1 entities, in source file main.v
    Info (12023): Found entity 1: main File: /home/aluno/Downloads/SistemadeIrrigacao/main.v Line: 1
Info (12021): Found 1 design units, including 1 entities, in source file sistemaNivel.v
    Info (12023): Found entity 1: sistemaNivel File: /home/aluno/Downloads/SistemadeIrrigacao/sistemaNivel.v Line: 1
Info (12021): Found 1 design units, including 1 entities, in source file sistemaIrrigacao.v
    Info (12023): Found entity 1: sistemaIrrigacao File: /home/aluno/Downloads/SistemadeIrrigacao/sistemaIrrigacao.v Line: 1
Info (12021): Found 1 design units, including 1 entities, in source file decod7seg.v
    Info (12023): Found entity 1: decod7seg File: /home/aluno/Downloads/SistemadeIrrigacao/decod7seg.v Line: 1
Info (12021): Found 1 design units, including 1 entities, in source file d_ff.v
    Info (12023): Found entity 1: d_ff File: /home/aluno/Downloads/SistemadeIrrigacao/d_ff.v Line: 1
Info (12021): Found 1 design units, including 1 entities, in source file down_count.v
    Info (12023): Found entity 1: down_count File: /home/aluno/Downloads/SistemadeIrrigacao/down_count.v Line: 1
Info (12021): Found 1 design units, including 1 entities, in source file jk_ff.v
    Info (12023): Found entity 1: jk_ff File: /home/aluno/Downloads/SistemadeIrrigacao/jk_ff.v Line: 1
Info (12021): Found 1 design units, including 1 entities, in source file deslocamento_coluna_leds.v
    Info (12023): Found entity 1: deslocamento_coluna_leds File: /home/aluno/Downloads/SistemadeIrrigacao/deslocamento_coluna_leds.v Line: 1
Info (12021): Found 1 design units, including 1 entities, in source file divisor7seg.v
    Info (12023): Found entity 1: divisor7seg File: /home/aluno/Downloads/SistemadeIrrigacao/divisor7seg.v Line: 1
Info (12021): Found 1 design units, including 1 entities, in source file divisorLeds.v
    Info (12023): Found entity 1: divisorLeds File: /home/aluno/Downloads/SistemadeIrrigacao/divisorLeds.v Line: 1
Info (12021): Found 1 design units, including 1 entities, in source file mux2to1.v
    Info (12023): Found entity 1: mux2to1 File: /home/aluno/Downloads/SistemadeIrrigacao/mux2to1.v Line: 1
Info (12021): Found 1 design units, including 1 entities, in source file binary_counter_2bit.v
    Info (12023): Found entity 1: binary_counter_2bit File: /home/aluno/Downloads/SistemadeIrrigacao/binary_counter_2bit.v Line: 1
Info (12021): Found 1 design units, including 1 entities, in source file matriz7seg.v
    Info (12023): Found entity 1: matriz7seg File: /home/aluno/Downloads/SistemadeIrrigacao/matriz7seg.v Line: 1
Info (12021): Found 1 design units, including 1 entities, in source file mux_4x1.v
    Info (12023): Found entity 1: mux_4x1 File: /home/aluno/Downloads/SistemadeIrrigacao/mux_4x1.v Line: 1
Info (12021): Found 1 design units, including 1 entities, in source file mux2to1teste.v
    Info (12023): Found entity 1: mux2to1teste File: /home/aluno/Downloads/SistemadeIrrigacao/mux2to1teste.v Line: 1
Info (12021): Found 1 design units, including 1 entities, in source file mux_4x1bit.v
    Info (12023): Found entity 1: mux_4x1bit File: /home/aluno/Downloads/SistemadeIrrigacao/mux_4x1bit.v Line: 1
Warning (10236): Verilog HDL Implicit Net warning at main.v(36): created implicit net for "H" File: /home/aluno/Downloads/SistemadeIrrigacao/main.v Line: 36
Warning (10236): Verilog HDL Implicit Net warning at main.v(36): created implicit net for "M" File: /home/aluno/Downloads/SistemadeIrrigacao/main.v Line: 36
Warning (10236): Verilog HDL Implicit Net warning at main.v(36): created implicit net for "L" File: /home/aluno/Downloads/SistemadeIrrigacao/main.v Line: 36
Warning (10236): Verilog HDL Implicit Net warning at main.v(42): created implicit net for "V" File: /home/aluno/Downloads/SistemadeIrrigacao/main.v Line: 42
Warning (10236): Verilog HDL Implicit Net warning at down_count.v(18): created implicit net for "n0" File: /home/aluno/Downloads/SistemadeIrrigacao/down_count.v Line: 18
Warning (10236): Verilog HDL Implicit Net warning at down_count.v(19): created implicit net for "n1" File: /home/aluno/Downloads/SistemadeIrrigacao/down_count.v Line: 19
Warning (10236): Verilog HDL Implicit Net warning at down_count.v(20): created implicit net for "n2" File: /home/aluno/Downloads/SistemadeIrrigacao/down_count.v Line: 20
Warning (10236): Verilog HDL Implicit Net warning at down_count.v(21): created implicit net for "n4" File: /home/aluno/Downloads/SistemadeIrrigacao/down_count.v Line: 21
Warning (10236): Verilog HDL Implicit Net warning at down_count.v(24): created implicit net for "a0" File: /home/aluno/Downloads/SistemadeIrrigacao/down_count.v Line: 24
Warning (10236): Verilog HDL Implicit Net warning at down_count.v(25): created implicit net for "a1" File: /home/aluno/Downloads/SistemadeIrrigacao/down_count.v Line: 25
Warning (10236): Verilog HDL Implicit Net warning at down_count.v(26): created implicit net for "a2" File: /home/aluno/Downloads/SistemadeIrrigacao/down_count.v Line: 26
Warning (10236): Verilog HDL Implicit Net warning at down_count.v(27): created implicit net for "a3" File: /home/aluno/Downloads/SistemadeIrrigacao/down_count.v Line: 27
Warning (10236): Verilog HDL Implicit Net warning at down_count.v(28): created implicit net for "a4" File: /home/aluno/Downloads/SistemadeIrrigacao/down_count.v Line: 28
Warning (10236): Verilog HDL Implicit Net warning at down_count.v(29): created implicit net for "a5" File: /home/aluno/Downloads/SistemadeIrrigacao/down_count.v Line: 29
Warning (10236): Verilog HDL Implicit Net warning at down_count.v(30): created implicit net for "a6" File: /home/aluno/Downloads/SistemadeIrrigacao/down_count.v Line: 30
Warning (10236): Verilog HDL Implicit Net warning at down_count.v(31): created implicit net for "a7" File: /home/aluno/Downloads/SistemadeIrrigacao/down_count.v Line: 31
Warning (10236): Verilog HDL Implicit Net warning at down_count.v(32): created implicit net for "a8" File: /home/aluno/Downloads/SistemadeIrrigacao/down_count.v Line: 32
Warning (10236): Verilog HDL Implicit Net warning at down_count.v(33): created implicit net for "a9" File: /home/aluno/Downloads/SistemadeIrrigacao/down_count.v Line: 33
Warning (10236): Verilog HDL Implicit Net warning at down_count.v(36): created implicit net for "na0" File: /home/aluno/Downloads/SistemadeIrrigacao/down_count.v Line: 36
Warning (10236): Verilog HDL Implicit Net warning at down_count.v(37): created implicit net for "na1" File: /home/aluno/Downloads/SistemadeIrrigacao/down_count.v Line: 37
Warning (10236): Verilog HDL Implicit Net warning at down_count.v(38): created implicit net for "na2" File: /home/aluno/Downloads/SistemadeIrrigacao/down_count.v Line: 38
Warning (10236): Verilog HDL Implicit Net warning at down_count.v(39): created implicit net for "na3" File: /home/aluno/Downloads/SistemadeIrrigacao/down_count.v Line: 39
Warning (10236): Verilog HDL Implicit Net warning at down_count.v(40): created implicit net for "na4" File: /home/aluno/Downloads/SistemadeIrrigacao/down_count.v Line: 40
Warning (10236): Verilog HDL Implicit Net warning at down_count.v(41): created implicit net for "na5" File: /home/aluno/Downloads/SistemadeIrrigacao/down_count.v Line: 41
Warning (10236): Verilog HDL Implicit Net warning at down_count.v(42): created implicit net for "na6" File: /home/aluno/Downloads/SistemadeIrrigacao/down_count.v Line: 42
Warning (10236): Verilog HDL Implicit Net warning at down_count.v(43): created implicit net for "na7" File: /home/aluno/Downloads/SistemadeIrrigacao/down_count.v Line: 43
Warning (10236): Verilog HDL Implicit Net warning at down_count.v(44): created implicit net for "na8" File: /home/aluno/Downloads/SistemadeIrrigacao/down_count.v Line: 44
Warning (10236): Verilog HDL Implicit Net warning at down_count.v(44): created implicit net for "o0" File: /home/aluno/Downloads/SistemadeIrrigacao/down_count.v Line: 44
Warning (10236): Verilog HDL Implicit Net warning at down_count.v(48): created implicit net for "o1" File: /home/aluno/Downloads/SistemadeIrrigacao/down_count.v Line: 48
Warning (10236): Verilog HDL Implicit Net warning at down_count.v(49): created implicit net for "o2" File: /home/aluno/Downloads/SistemadeIrrigacao/down_count.v Line: 49
Warning (10236): Verilog HDL Implicit Net warning at down_count.v(50): created implicit net for "o3" File: /home/aluno/Downloads/SistemadeIrrigacao/down_count.v Line: 50
Critical Warning (10846): Verilog HDL Instantiation warning at main.v(47): instance has no name File: /home/aluno/Downloads/SistemadeIrrigacao/main.v Line: 47
Critical Warning (10846): Verilog HDL Instantiation warning at main.v(101): instance has no name File: /home/aluno/Downloads/SistemadeIrrigacao/main.v Line: 101
Critical Warning (10846): Verilog HDL Instantiation warning at main.v(108): instance has no name File: /home/aluno/Downloads/SistemadeIrrigacao/main.v Line: 108
Info (12127): Elaborating entity "main" for the top level hierarchy
Info (12128): Elaborating entity "sistemaIrrigacao" for hierarchy "sistemaIrrigacao:irrigacao_inst" File: /home/aluno/Downloads/SistemadeIrrigacao/main.v Line: 38
Info (12128): Elaborating entity "sistemaNivel" for hierarchy "sistemaNivel:nivel_inst" File: /home/aluno/Downloads/SistemadeIrrigacao/main.v Line: 43
Info (12128): Elaborating entity "divisorLeds" for hierarchy "divisorLeds:divisor" File: /home/aluno/Downloads/SistemadeIrrigacao/main.v Line: 46
Info (12128): Elaborating entity "d_ff" for hierarchy "divisorLeds:divisor|d_ff:dff_0" File: /home/aluno/Downloads/SistemadeIrrigacao/divisorLeds.v Line: 11
Info (12128): Elaborating entity "divisor7seg" for hierarchy "divisor7seg:comb_3" File: /home/aluno/Downloads/SistemadeIrrigacao/main.v Line: 47
Warning (10030): Net "q[9]" at divisor7seg.v(7) has no driver or initial value, using a default initial value '0' File: /home/aluno/Downloads/SistemadeIrrigacao/divisor7seg.v Line: 7
Info (12128): Elaborating entity "deslocamento_coluna_leds" for hierarchy "deslocamento_coluna_leds:dc" File: /home/aluno/Downloads/SistemadeIrrigacao/main.v Line: 49
Info (12128): Elaborating entity "matriz7seg" for hierarchy "matriz7seg:m7" File: /home/aluno/Downloads/SistemadeIrrigacao/main.v Line: 79
Info (12128): Elaborating entity "down_count" for hierarchy "matriz7seg:m7|down_count:us" File: /home/aluno/Downloads/SistemadeIrrigacao/matriz7seg.v Line: 34
Info (12128): Elaborating entity "jk_ff" for hierarchy "matriz7seg:m7|down_count:us|jk_ff:ff0" File: /home/aluno/Downloads/SistemadeIrrigacao/down_count.v Line: 53
Info (12128): Elaborating entity "mux2to1" for hierarchy "matriz7seg:m7|mux2to1:mux_u_min" File: /home/aluno/Downloads/SistemadeIrrigacao/matriz7seg.v Line: 54
Info (12128): Elaborating entity "decod7seg" for hierarchy "decod7seg:dec0" File: /home/aluno/Downloads/SistemadeIrrigacao/main.v Line: 84
Info (12128): Elaborating entity "binary_counter_2bit" for hierarchy "binary_counter_2bit:comb_118" File: /home/aluno/Downloads/SistemadeIrrigacao/main.v Line: 101
Info (12128): Elaborating entity "mux_4x1" for hierarchy "mux_4x1:mux4x1" File: /home/aluno/Downloads/SistemadeIrrigacao/main.v Line: 105
Info (12128): Elaborating entity "mux_4x1bit" for hierarchy "mux_4x1bit:comb_119" File: /home/aluno/Downloads/SistemadeIrrigacao/main.v Line: 108
Warning (12241): 7 hierarchies have connectivity warnings - see the Connectivity Checks report folder
Warning (13024): Output pins are stuck at VCC or GND
    Warning (13410): Pin "a" is stuck at GND File: /home/aluno/Downloads/SistemadeIrrigacao/main.v Line: 16
    Warning (13410): Pin "b" is stuck at GND File: /home/aluno/Downloads/SistemadeIrrigacao/main.v Line: 17
    Warning (13410): Pin "c" is stuck at GND File: /home/aluno/Downloads/SistemadeIrrigacao/main.v Line: 18
    Warning (13410): Pin "d" is stuck at GND File: /home/aluno/Downloads/SistemadeIrrigacao/main.v Line: 19
    Warning (13410): Pin "e" is stuck at VCC File: /home/aluno/Downloads/SistemadeIrrigacao/main.v Line: 20
    Warning (13410): Pin "f" is stuck at GND File: /home/aluno/Downloads/SistemadeIrrigacao/main.v Line: 21
    Warning (13410): Pin "g" is stuck at GND File: /home/aluno/Downloads/SistemadeIrrigacao/main.v Line: 22
    Warning (13410): Pin "d01" is stuck at VCC File: /home/aluno/Downloads/SistemadeIrrigacao/main.v Line: 23
    Warning (13410): Pin "d02" is stuck at GND File: /home/aluno/Downloads/SistemadeIrrigacao/main.v Line: 24
    Warning (13410): Pin "d03" is stuck at GND File: /home/aluno/Downloads/SistemadeIrrigacao/main.v Line: 25
    Warning (13410): Pin "d04" is stuck at GND File: /home/aluno/Downloads/SistemadeIrrigacao/main.v Line: 26
    Warning (13410): Pin "clk7seg" is stuck at VCC File: /home/aluno/Downloads/SistemadeIrrigacao/main.v Line: 27
Info (17049): 17 registers lost all their fanouts during netlist optimizations.
Warning (21074): Design contains 2 input pin(s) that do not drive logic
    Warning (15610): No output dependent on input pin "reiniciar" File: /home/aluno/Downloads/SistemadeIrrigacao/main.v Line: 9
    Warning (15610): No output dependent on input pin "T" File: /home/aluno/Downloads/SistemadeIrrigacao/main.v Line: 7
Info (21057): Implemented 90 device resources after synthesis - the final resource count might be different
    Info (21058): Implemented 9 input pins
    Info (21059): Implemented 30 output pins
    Info (21061): Implemented 51 logic cells
Info (144001): Generated suppressed messages file /home/aluno/Downloads/SistemadeIrrigacao/output_files/SistemaDeIrrigacao.map.smsg
Info: Quartus Prime Analysis & Synthesis was successful. 0 errors, 53 warnings
    Info: Peak virtual memory: 341 megabytes
    Info: Processing ended: Thu Jun  6 11:42:36 2024
    Info: Elapsed time: 00:00:05
    Info: Total CPU time (on all processors): 00:00:12


+------------------------------------------+
; Analysis & Synthesis Suppressed Messages ;
+------------------------------------------+
The suppressed messages can be found in /home/aluno/Downloads/SistemadeIrrigacao/output_files/SistemaDeIrrigacao.map.smsg.


