Flow report for SistemaDeIrrigacao
Mon May 27 00:56:24 2024
Quartus Prime Version 20.1.0 Build 711 06/05/2020 SJ Lite Edition


---------------------
; Table of Contents ;
---------------------
  1. Legal Notice
  2. Flow Summary
  3. Flow Settings
  4. Flow Non-Default Global Settings
  5. Flow Elapsed Time
  6. Flow OS Summary
  7. Flow Log
  8. Flow Messages
  9. Flow Suppressed Messages



----------------
; Legal Notice ;
----------------
Copyright (C) 2020  Intel Corporation. All rights reserved.
Your use of Intel Corporation's design tools, logic functions 
and other software and tools, and any partner logic 
functions, and any output files from any of the foregoing 
(including device programming or simulation files), and any 
associated documentation or information are expressly subject 
to the terms and conditions of the Intel Program License 
Subscription Agreement, the Intel Quartus Prime License Agreement,
the Intel FPGA IP License Agreement, or other applicable license
agreement, including, without limitation, that your use is for
the sole purpose of programming logic devices manufactured by
Intel and sold by Intel or its authorized distributors.  Please
refer to the applicable agreement for further details, at
https://fpgasoftware.intel.com/eula.



+---------------------------------------------------------------------+
; Flow Summary                                                        ;
+-----------------------+---------------------------------------------+
; Flow Status           ; Successful - Mon May 27 00:56:24 2024       ;
; Quartus Prime Version ; 20.1.0 Build 711 06/05/2020 SJ Lite Edition ;
; Revision Name         ; SistemaDeIrrigacao                          ;
; Top-level Entity Name ; shif                                        ;
; Family                ; MAX II                                      ;
; Device                ; EPM240T100C5                                ;
; Timing Models         ; Final                                       ;
; Total logic elements  ; 0 / 240 ( 0 % )                             ;
; Total pins            ; 6 / 80 ( 8 % )                              ;
; Total virtual pins    ; 0                                           ;
; UFM blocks            ; 0 / 1 ( 0 % )                               ;
+-----------------------+---------------------------------------------+


+-----------------------------------------+
; Flow Settings                           ;
+-------------------+---------------------+
; Option            ; Setting             ;
+-------------------+---------------------+
; Start date & time ; 05/27/2024 00:53:23 ;
; Main task         ; Compilation         ;
; Revision Name     ; SistemaDeIrrigacao  ;
+-------------------+---------------------+


+------------------------------------------------------------------------------------------------------------------------------------------------+
; Flow Non-Default Global Settings                                                                                                               ;
+---------------------------------------+---------------------------------+--------------------+-------------+-----------------------------------+
; Assignment Name                       ; Value                           ; Default Value      ; Entity Name ; Section Id                        ;
+---------------------------------------+---------------------------------+--------------------+-------------+-----------------------------------+
; COMPILER_SIGNATURE_ID                 ; 269058764816711.171678200222708 ; --                 ; --          ; --                                ;
; EDA_GENERATE_FUNCTIONAL_NETLIST       ; Off                             ; --                 ; --          ; eda_board_design_timing           ;
; EDA_GENERATE_FUNCTIONAL_NETLIST       ; Off                             ; --                 ; --          ; eda_board_design_boundary_scan    ;
; EDA_GENERATE_FUNCTIONAL_NETLIST       ; Off                             ; --                 ; --          ; eda_board_design_signal_integrity ;
; EDA_GENERATE_FUNCTIONAL_NETLIST       ; Off                             ; --                 ; --          ; eda_board_design_symbol           ;
; EDA_OUTPUT_DATA_FORMAT                ; Verilog Hdl                     ; --                 ; --          ; eda_simulation                    ;
; EDA_SIMULATION_TOOL                   ; ModelSim-Altera (Verilog)       ; <None>             ; --          ; --                                ;
; EDA_TIME_SCALE                        ; 1 ps                            ; --                 ; --          ; eda_simulation                    ;
; MAX_CORE_JUNCTION_TEMP                ; 85                              ; --                 ; --          ; --                                ;
; MIN_CORE_JUNCTION_TEMP                ; 0                               ; --                 ; --          ; --                                ;
; POWER_EXT_SUPPLY_VOLTAGE_TO_REGULATOR ; 3.3V                            ; --                 ; --          ; --                                ;
; POWER_PRESET_COOLING_SOLUTION         ; No Heat Sink With Still Air     ; --                 ; --          ; --                                ;
; PROJECT_OUTPUT_DIRECTORY              ; output_files                    ; --                 ; --          ; --                                ;
; TOP_LEVEL_ENTITY                      ; shif                            ; SistemaDeIrrigacao ; --          ; --                                ;
+---------------------------------------+---------------------------------+--------------------+-------------+-----------------------------------+


+--------------------------------------------------------------------------------------------------------------------------+
; Flow Elapsed Time                                                                                                        ;
+----------------------+--------------+-------------------------+---------------------+------------------------------------+
; Module Name          ; Elapsed Time ; Average Processors Used ; Peak Virtual Memory ; Total CPU Time (on all processors) ;
+----------------------+--------------+-------------------------+---------------------+------------------------------------+
; Analysis & Synthesis ; 00:00:10     ; 1.0                     ; 4701 MB             ; 00:00:30                           ;
; Fitter               ; 00:00:02     ; 1.0                     ; 6081 MB             ; 00:00:01                           ;
; Assembler            ; 00:00:00     ; 1.0                     ; 4660 MB             ; 00:00:01                           ;
; Timing Analyzer      ; 00:00:01     ; 1.0                     ; 4675 MB             ; 00:00:01                           ;
; EDA Netlist Writer   ; 00:00:01     ; 1.0                     ; 4616 MB             ; 00:00:01                           ;
; EDA Netlist Writer   ; 00:00:01     ; 1.0                     ; 4609 MB             ; 00:00:01                           ;
; EDA Netlist Writer   ; 00:00:01     ; 1.0                     ; 4614 MB             ; 00:00:01                           ;
; EDA Netlist Writer   ; 00:00:01     ; 1.0                     ; 4609 MB             ; 00:00:01                           ;
; EDA Netlist Writer   ; 00:00:01     ; 1.0                     ; 4614 MB             ; 00:00:01                           ;
; EDA Netlist Writer   ; 00:00:00     ; 1.0                     ; 4609 MB             ; 00:00:01                           ;
; EDA Netlist Writer   ; 00:00:01     ; 1.0                     ; 4609 MB             ; 00:00:01                           ;
; EDA Netlist Writer   ; 00:00:00     ; 1.0                     ; 4614 MB             ; 00:00:01                           ;
; Total                ; 00:00:19     ; --                      ; --                  ; 00:00:41                           ;
+----------------------+--------------+-------------------------+---------------------+------------------------------------+


+------------------------------------------------------------------------------------+
; Flow OS Summary                                                                    ;
+----------------------+------------------+------------+------------+----------------+
; Module Name          ; Machine Hostname ; OS Name    ; OS Version ; Processor type ;
+----------------------+------------------+------------+------------+----------------+
; Analysis & Synthesis ; DESKTOP-UI9LVHS  ; Windows 10 ; 10.0       ; x86_64         ;
; Fitter               ; DESKTOP-UI9LVHS  ; Windows 10 ; 10.0       ; x86_64         ;
; Assembler            ; DESKTOP-UI9LVHS  ; Windows 10 ; 10.0       ; x86_64         ;
; Timing Analyzer      ; DESKTOP-UI9LVHS  ; Windows 10 ; 10.0       ; x86_64         ;
; EDA Netlist Writer   ; DESKTOP-UI9LVHS  ; Windows 10 ; 10.0       ; x86_64         ;
; EDA Netlist Writer   ; DESKTOP-UI9LVHS  ; Windows 10 ; 10.0       ; x86_64         ;
; EDA Netlist Writer   ; DESKTOP-UI9LVHS  ; Windows 10 ; 10.0       ; x86_64         ;
; EDA Netlist Writer   ; DESKTOP-UI9LVHS  ; Windows 10 ; 10.0       ; x86_64         ;
; EDA Netlist Writer   ; DESKTOP-UI9LVHS  ; Windows 10 ; 10.0       ; x86_64         ;
; EDA Netlist Writer   ; DESKTOP-UI9LVHS  ; Windows 10 ; 10.0       ; x86_64         ;
; EDA Netlist Writer   ; DESKTOP-UI9LVHS  ; Windows 10 ; 10.0       ; x86_64         ;
; EDA Netlist Writer   ; DESKTOP-UI9LVHS  ; Windows 10 ; 10.0       ; x86_64         ;
+----------------------+------------------+------------+------------+----------------+


------------
; Flow Log ;
------------
quartus_map --read_settings_files=on --write_settings_files=off SistemaDeIrrigacao -c SistemaDeIrrigacao
quartus_fit --read_settings_files=off --write_settings_files=off SistemaDeIrrigacao -c SistemaDeIrrigacao
quartus_asm --read_settings_files=off --write_settings_files=off SistemaDeIrrigacao -c SistemaDeIrrigacao
quartus_sta SistemaDeIrrigacao -c SistemaDeIrrigacao
quartus_eda --read_settings_files=off --write_settings_files=off SistemaDeIrrigacao -c SistemaDeIrrigacao
quartus_eda --gen_testbench --tool=modelsim_oem --format=verilog --write_settings_files=off SistemaDeIrrigacao -c SistemaDeIrrigacao --vector_source=D:/Dev/Verilog/SistemadeIrrigacao/Waveform.vwf --testbench_file=D:/Dev/Verilog/SistemadeIrrigacao/simulation/qsim/Waveform.vwf.vt
quartus_eda --write_settings_files=off --simulation=on --functional=on --flatten_buses=off --tool=modelsim_oem --format=verilog --output_directory=D:/Dev/Verilog/SistemadeIrrigacao/simulation/qsim/ SistemaDeIrrigacao -c SistemaDeIrrigacao
quartus_eda --gen_testbench --tool=modelsim_oem --format=verilog --write_settings_files=off SistemaDeIrrigacao -c SistemaDeIrrigacao --vector_source=D:/Dev/Verilog/SistemadeIrrigacao/Waveform.vwf --testbench_file=D:/Dev/Verilog/SistemadeIrrigacao/simulation/qsim/Waveform.vwf.vt
quartus_eda --write_settings_files=off --simulation=on --functional=on --flatten_buses=off --tool=modelsim_oem --format=verilog --output_directory=D:/Dev/Verilog/SistemadeIrrigacao/simulation/qsim/ SistemaDeIrrigacao -c SistemaDeIrrigacao
quartus_eda --gen_testbench --tool=modelsim_oem --format=verilog --write_settings_files=off SistemaDeIrrigacao -c SistemaDeIrrigacao --vector_source=D:/Dev/Verilog/SistemadeIrrigacao/Waveform.vwf --testbench_file=D:/Dev/Verilog/SistemadeIrrigacao/simulation/modelsim/Waveform.vwf.vt
quartus_eda --gen_testbench --tool=modelsim_oem --format=verilog --write_settings_files=off SistemaDeIrrigacao -c SistemaDeIrrigacao --vector_source=D:/Dev/Verilog/SistemadeIrrigacao/Waveform.vwf --testbench_file=D:/Dev/Verilog/SistemadeIrrigacao/simulation/qsim/Waveform.vwf.vt
quartus_eda --write_settings_files=off --simulation=on --functional=off --flatten_buses=off --timescale=1ps --tool=modelsim_oem --format=verilog --output_directory=D:/Dev/Verilog/SistemadeIrrigacao/simulation/qsim/ SistemaDeIrrigacao -c SistemaDeIrrigacao



